The system is: Linux - 5.2.3-1-default - x86_64
Compiling the C compiler identification source file "CMakeCCompilerId.c" succeeded.
Compiler: /usr/bin/gcc-9 
Build flags: 
Id flags:  

The output was:
0


Compilation of the C compiler identification source "CMakeCCompilerId.c" produced "a.out"

The C compiler identification is GNU, found in "/home/nathan/Projects/plasma5-genius-integration/build/CMakeFiles/3.14.5/CompilerIdC/a.out"

Compiling the CXX compiler identification source file "CMakeCXXCompilerId.cpp" succeeded.
Compiler: /usr/bin/g++-9 
Build flags: 
Id flags:  

The output was:
0


Compilation of the CXX compiler identification source "CMakeCXXCompilerId.cpp" produced "a.out"

The CXX compiler identification is GNU, found in "/home/nathan/Projects/plasma5-genius-integration/build/CMakeFiles/3.14.5/CompilerIdCXX/a.out"

Determining if the C compiler works passed with the following output:
Change Dir: /home/nathan/Projects/plasma5-genius-integration/build/CMakeFiles/CMakeTmp

Run Build Command(s):/usr/bin/gmake cmTC_282a9/fast 
/usr/bin/gmake -f CMakeFiles/cmTC_282a9.dir/build.make CMakeFiles/cmTC_282a9.dir/build
gmake[1]: Entering directory '/home/nathan/Projects/plasma5-genius-integration/build/CMakeFiles/CMakeTmp'
Building C object CMakeFiles/cmTC_282a9.dir/testCCompiler.c.o
/usr/bin/gcc-9    -o CMakeFiles/cmTC_282a9.dir/testCCompiler.c.o   -c /home/nathan/Projects/plasma5-genius-integration/build/CMakeFiles/CMakeTmp/testCCompiler.c
Linking C executable cmTC_282a9
/usr/bin/cmake -E cmake_link_script CMakeFiles/cmTC_282a9.dir/link.txt --verbose=1
/usr/bin/gcc-9      -rdynamic CMakeFiles/cmTC_282a9.dir/testCCompiler.c.o  -o cmTC_282a9 
gmake[1]: Leaving directory '/home/nathan/Projects/plasma5-genius-integration/build/CMakeFiles/CMakeTmp'


Detecting C compiler ABI info compiled with the following output:
Change Dir: /home/nathan/Projects/plasma5-genius-integration/build/CMakeFiles/CMakeTmp

Run Build Command(s):/usr/bin/gmake cmTC_6ec92/fast 
/usr/bin/gmake -f CMakeFiles/cmTC_6ec92.dir/build.make CMakeFiles/cmTC_6ec92.dir/build
gmake[1]: Entering directory '/home/nathan/Projects/plasma5-genius-integration/build/CMakeFiles/CMakeTmp'
Building C object CMakeFiles/cmTC_6ec92.dir/CMakeCCompilerABI.c.o
/usr/bin/gcc-9   -v -o CMakeFiles/cmTC_6ec92.dir/CMakeCCompilerABI.c.o   -c /usr/share/cmake/Modules/CMakeCCompilerABI.c
Using built-in specs.
COLLECT_GCC=/usr/bin/gcc-9
OFFLOAD_TARGET_NAMES=hsa:nvptx-none
Target: x86_64-suse-linux
Configured with: ../configure --prefix=/usr --infodir=/usr/share/info --mandir=/usr/share/man --libdir=/usr/lib64 --libexecdir=/usr/lib64 --enable-languages=c,c++,objc,fortran,obj-c++,ada,go,d --enable-offload-targets=hsa,nvptx-none=/usr/nvptx-none, --without-cuda-driver --disable-werror --with-gxx-include-dir=/usr/include/c++/9 --enable-ssp --disable-libssp --disable-libvtv --disable-cet --disable-libcc1 --enable-plugin --with-bugurl=https://bugs.opensuse.org/ --with-pkgversion='SUSE Linux' --with-slibdir=/lib64 --with-system-zlib --enable-libstdcxx-allocator=new --disable-libstdcxx-pch --enable-libphobos --enable-version-specific-runtime-libs --with-gcc-major-version-only --enable-linker-build-id --enable-linux-futex --enable-gnu-indirect-function --program-suffix=-9 --without-system-libunwind --enable-multilib --with-arch-32=x86-64 --with-tune=generic --with-build-config=bootstrap-lto-lean --enable-link-mutex --build=x86_64-suse-linux --host=x86_64-suse-linux
Thread model: posix
gcc version 9.1.1 20190723 [gcc-9-branch revision 273734] (SUSE Linux) 
COLLECT_GCC_OPTIONS='-v' '-o' 'CMakeFiles/cmTC_6ec92.dir/CMakeCCompilerABI.c.o' '-c' '-mtune=generic' '-march=x86-64'
 /usr/lib64/gcc/x86_64-suse-linux/9/cc1 -quiet -v /usr/share/cmake/Modules/CMakeCCompilerABI.c -quiet -dumpbase CMakeCCompilerABI.c -mtune=generic -march=x86-64 -auxbase-strip CMakeFiles/cmTC_6ec92.dir/CMakeCCompilerABI.c.o -version -o /tmp/ccggez31.s
GNU C17 (SUSE Linux) version 9.1.1 20190723 [gcc-9-branch revision 273734] (x86_64-suse-linux)
	compiled by GNU C version 9.1.1 20190723 [gcc-9-branch revision 273734], GMP version 6.1.2, MPFR version 4.0.2, MPC version 1.1.0, isl version isl-0.20-GMP

GGC heuristics: --param ggc-min-expand=100 --param ggc-min-heapsize=131072
#include "..." search starts here:
#include <...> search starts here:
 /usr/lib64/gcc/x86_64-suse-linux/9/include
 /usr/local/include
 /usr/lib64/gcc/x86_64-suse-linux/9/include-fixed
 /usr/lib64/gcc/x86_64-suse-linux/9/../../../../x86_64-suse-linux/include
 /usr/include
End of search list.
GNU C17 (SUSE Linux) version 9.1.1 20190723 [gcc-9-branch revision 273734] (x86_64-suse-linux)
	compiled by GNU C version 9.1.1 20190723 [gcc-9-branch revision 273734], GMP version 6.1.2, MPFR version 4.0.2, MPC version 1.1.0, isl version isl-0.20-GMP

GGC heuristics: --param ggc-min-expand=100 --param ggc-min-heapsize=131072
Compiler executable checksum: 00000000000000000000000000000000
COLLECT_GCC_OPTIONS='-v' '-o' 'CMakeFiles/cmTC_6ec92.dir/CMakeCCompilerABI.c.o' '-c' '-mtune=generic' '-march=x86-64'
 /usr/lib64/gcc/x86_64-suse-linux/9/../../../../x86_64-suse-linux/bin/as -v --64 -o CMakeFiles/cmTC_6ec92.dir/CMakeCCompilerABI.c.o /tmp/ccggez31.s
GNU assembler version 2.32 (x86_64-suse-linux) using BFD version (GNU Binutils; openSUSE Tumbleweed) 2.32
COMPILER_PATH=/usr/lib64/gcc/x86_64-suse-linux/9/:/usr/lib64/gcc/x86_64-suse-linux/9/:/usr/lib64/gcc/x86_64-suse-linux/:/usr/lib64/gcc/x86_64-suse-linux/9/:/usr/lib64/gcc/x86_64-suse-linux/:/usr/lib64/gcc/x86_64-suse-linux/9/../../../../x86_64-suse-linux/bin/
LIBRARY_PATH=/usr/lib64/gcc/x86_64-suse-linux/9/:/usr/lib64/gcc/x86_64-suse-linux/9/../../../../lib64/:/lib/../lib64/:/usr/lib/../lib64/:/usr/lib64/gcc/x86_64-suse-linux/9/../../../../x86_64-suse-linux/lib/:/usr/lib64/gcc/x86_64-suse-linux/9/../../../:/lib/:/usr/lib/
COLLECT_GCC_OPTIONS='-v' '-o' 'CMakeFiles/cmTC_6ec92.dir/CMakeCCompilerABI.c.o' '-c' '-mtune=generic' '-march=x86-64'
Linking C executable cmTC_6ec92
/usr/bin/cmake -E cmake_link_script CMakeFiles/cmTC_6ec92.dir/link.txt --verbose=1
/usr/bin/gcc-9     -v -rdynamic CMakeFiles/cmTC_6ec92.dir/CMakeCCompilerABI.c.o  -o cmTC_6ec92 
Using built-in specs.
COLLECT_GCC=/usr/bin/gcc-9
COLLECT_LTO_WRAPPER=/usr/lib64/gcc/x86_64-suse-linux/9/lto-wrapper
OFFLOAD_TARGET_NAMES=hsa:nvptx-none
Target: x86_64-suse-linux
Configured with: ../configure --prefix=/usr --infodir=/usr/share/info --mandir=/usr/share/man --libdir=/usr/lib64 --libexecdir=/usr/lib64 --enable-languages=c,c++,objc,fortran,obj-c++,ada,go,d --enable-offload-targets=hsa,nvptx-none=/usr/nvptx-none, --without-cuda-driver --disable-werror --with-gxx-include-dir=/usr/include/c++/9 --enable-ssp --disable-libssp --disable-libvtv --disable-cet --disable-libcc1 --enable-plugin --with-bugurl=https://bugs.opensuse.org/ --with-pkgversion='SUSE Linux' --with-slibdir=/lib64 --with-system-zlib --enable-libstdcxx-allocator=new --disable-libstdcxx-pch --enable-libphobos --enable-version-specific-runtime-libs --with-gcc-major-version-only --enable-linker-build-id --enable-linux-futex --enable-gnu-indirect-function --program-suffix=-9 --without-system-libunwind --enable-multilib --with-arch-32=x86-64 --with-tune=generic --with-build-config=bootstrap-lto-lean --enable-link-mutex --build=x86_64-suse-linux --host=x86_64-suse-linux
Thread model: posix
gcc version 9.1.1 20190723 [gcc-9-branch revision 273734] (SUSE Linux) 
COMPILER_PATH=/usr/lib64/gcc/x86_64-suse-linux/9/:/usr/lib64/gcc/x86_64-suse-linux/9/:/usr/lib64/gcc/x86_64-suse-linux/:/usr/lib64/gcc/x86_64-suse-linux/9/:/usr/lib64/gcc/x86_64-suse-linux/:/usr/lib64/gcc/x86_64-suse-linux/9/../../../../x86_64-suse-linux/bin/
LIBRARY_PATH=/usr/lib64/gcc/x86_64-suse-linux/9/:/usr/lib64/gcc/x86_64-suse-linux/9/../../../../lib64/:/lib/../lib64/:/usr/lib/../lib64/:/usr/lib64/gcc/x86_64-suse-linux/9/../../../../x86_64-suse-linux/lib/:/usr/lib64/gcc/x86_64-suse-linux/9/../../../:/lib/:/usr/lib/
COLLECT_GCC_OPTIONS='-v' '-rdynamic' '-o' 'cmTC_6ec92' '-mtune=generic' '-march=x86-64'
 /usr/lib64/gcc/x86_64-suse-linux/9/collect2 -plugin /usr/lib64/gcc/x86_64-suse-linux/9/liblto_plugin.so -plugin-opt=/usr/lib64/gcc/x86_64-suse-linux/9/lto-wrapper -plugin-opt=-fresolution=/tmp/cc3DS9l7.res -plugin-opt=-pass-through=-lgcc -plugin-opt=-pass-through=-lgcc_s -plugin-opt=-pass-through=-lc -plugin-opt=-pass-through=-lgcc -plugin-opt=-pass-through=-lgcc_s --build-id --eh-frame-hdr -m elf_x86_64 -export-dynamic -dynamic-linker /lib64/ld-linux-x86-64.so.2 -o cmTC_6ec92 /usr/lib64/gcc/x86_64-suse-linux/9/../../../../lib64/crt1.o /usr/lib64/gcc/x86_64-suse-linux/9/../../../../lib64/crti.o /usr/lib64/gcc/x86_64-suse-linux/9/crtbegin.o -L/usr/lib64/gcc/x86_64-suse-linux/9 -L/usr/lib64/gcc/x86_64-suse-linux/9/../../../../lib64 -L/lib/../lib64 -L/usr/lib/../lib64 -L/usr/lib64/gcc/x86_64-suse-linux/9/../../../../x86_64-suse-linux/lib -L/usr/lib64/gcc/x86_64-suse-linux/9/../../.. CMakeFiles/cmTC_6ec92.dir/CMakeCCompilerABI.c.o -lgcc --push-state --as-needed -lgcc_s --pop-state -lc -lgcc --push-state --as-needed -lgcc_s --pop-state /usr/lib64/gcc/x86_64-suse-linux/9/crtend.o /usr/lib64/gcc/x86_64-suse-linux/9/../../../../lib64/crtn.o
COLLECT_GCC_OPTIONS='-v' '-rdynamic' '-o' 'cmTC_6ec92' '-mtune=generic' '-march=x86-64'
gmake[1]: Leaving directory '/home/nathan/Projects/plasma5-genius-integration/build/CMakeFiles/CMakeTmp'


Parsed C implicit include dir info from above output: rv=done
  found start of include info
  found start of implicit include info
    add: [/usr/lib64/gcc/x86_64-suse-linux/9/include]
    add: [/usr/local/include]
    add: [/usr/lib64/gcc/x86_64-suse-linux/9/include-fixed]
    add: [/usr/lib64/gcc/x86_64-suse-linux/9/../../../../x86_64-suse-linux/include]
    add: [/usr/include]
  end of search list found
  collapse include dir [/usr/lib64/gcc/x86_64-suse-linux/9/include] ==> [/usr/lib64/gcc/x86_64-suse-linux/9/include]
  collapse include dir [/usr/local/include] ==> [/usr/local/include]
  collapse include dir [/usr/lib64/gcc/x86_64-suse-linux/9/include-fixed] ==> [/usr/lib64/gcc/x86_64-suse-linux/9/include-fixed]
  collapse include dir [/usr/lib64/gcc/x86_64-suse-linux/9/../../../../x86_64-suse-linux/include] ==> [/usr/x86_64-suse-linux/include]
  collapse include dir [/usr/include] ==> [/usr/include]
  implicit include dirs: [/usr/lib64/gcc/x86_64-suse-linux/9/include;/usr/local/include;/usr/lib64/gcc/x86_64-suse-linux/9/include-fixed;/usr/x86_64-suse-linux/include;/usr/include]


Parsed C implicit link information from above output:
  link line regex: [^( *|.*[/\])(ld|CMAKE_LINK_STARTFILE-NOTFOUND|([^/\]+-)?ld|collect2)[^/\]*( |$)]
  ignore line: [Change Dir: /home/nathan/Projects/plasma5-genius-integration/build/CMakeFiles/CMakeTmp]
  ignore line: []
  ignore line: [Run Build Command(s):/usr/bin/gmake cmTC_6ec92/fast ]
  ignore line: [/usr/bin/gmake -f CMakeFiles/cmTC_6ec92.dir/build.make CMakeFiles/cmTC_6ec92.dir/build]
  ignore line: [gmake[1]: Entering directory '/home/nathan/Projects/plasma5-genius-integration/build/CMakeFiles/CMakeTmp']
  ignore line: [Building C object CMakeFiles/cmTC_6ec92.dir/CMakeCCompilerABI.c.o]
  ignore line: [/usr/bin/gcc-9   -v -o CMakeFiles/cmTC_6ec92.dir/CMakeCCompilerABI.c.o   -c /usr/share/cmake/Modules/CMakeCCompilerABI.c]
  ignore line: [Using built-in specs.]
  ignore line: [COLLECT_GCC=/usr/bin/gcc-9]
  ignore line: [OFFLOAD_TARGET_NAMES=hsa:nvptx-none]
  ignore line: [Target: x86_64-suse-linux]
  ignore line: [Configured with: ../configure --prefix=/usr --infodir=/usr/share/info --mandir=/usr/share/man --libdir=/usr/lib64 --libexecdir=/usr/lib64 --enable-languages=c,c++,objc,fortran,obj-c++,ada,go,d --enable-offload-targets=hsa,nvptx-none=/usr/nvptx-none, --without-cuda-driver --disable-werror --with-gxx-include-dir=/usr/include/c++/9 --enable-ssp --disable-libssp --disable-libvtv --disable-cet --disable-libcc1 --enable-plugin --with-bugurl=https://bugs.opensuse.org/ --with-pkgversion='SUSE Linux' --with-slibdir=/lib64 --with-system-zlib --enable-libstdcxx-allocator=new --disable-libstdcxx-pch --enable-libphobos --enable-version-specific-runtime-libs --with-gcc-major-version-only --enable-linker-build-id --enable-linux-futex --enable-gnu-indirect-function --program-suffix=-9 --without-system-libunwind --enable-multilib --with-arch-32=x86-64 --with-tune=generic --with-build-config=bootstrap-lto-lean --enable-link-mutex --build=x86_64-suse-linux --host=x86_64-suse-linux]
  ignore line: [Thread model: posix]
  ignore line: [gcc version 9.1.1 20190723 [gcc-9-branch revision 273734] (SUSE Linux) ]
  ignore line: [COLLECT_GCC_OPTIONS='-v' '-o' 'CMakeFiles/cmTC_6ec92.dir/CMakeCCompilerABI.c.o' '-c' '-mtune=generic' '-march=x86-64']
  ignore line: [ /usr/lib64/gcc/x86_64-suse-linux/9/cc1 -quiet -v /usr/share/cmake/Modules/CMakeCCompilerABI.c -quiet -dumpbase CMakeCCompilerABI.c -mtune=generic -march=x86-64 -auxbase-strip CMakeFiles/cmTC_6ec92.dir/CMakeCCompilerABI.c.o -version -o /tmp/ccggez31.s]
  ignore line: [GNU C17 (SUSE Linux) version 9.1.1 20190723 [gcc-9-branch revision 273734] (x86_64-suse-linux)]
  ignore line: [	compiled by GNU C version 9.1.1 20190723 [gcc-9-branch revision 273734], GMP version 6.1.2, MPFR version 4.0.2, MPC version 1.1.0, isl version isl-0.20-GMP]
  ignore line: []
  ignore line: [GGC heuristics: --param ggc-min-expand=100 --param ggc-min-heapsize=131072]
  ignore line: [#include "..." search starts here:]
  ignore line: [#include <...> search starts here:]
  ignore line: [ /usr/lib64/gcc/x86_64-suse-linux/9/include]
  ignore line: [ /usr/local/include]
  ignore line: [ /usr/lib64/gcc/x86_64-suse-linux/9/include-fixed]
  ignore line: [ /usr/lib64/gcc/x86_64-suse-linux/9/../../../../x86_64-suse-linux/include]
  ignore line: [ /usr/include]
  ignore line: [End of search list.]
  ignore line: [GNU C17 (SUSE Linux) version 9.1.1 20190723 [gcc-9-branch revision 273734] (x86_64-suse-linux)]
  ignore line: [	compiled by GNU C version 9.1.1 20190723 [gcc-9-branch revision 273734], GMP version 6.1.2, MPFR version 4.0.2, MPC version 1.1.0, isl version isl-0.20-GMP]
  ignore line: []
  ignore line: [GGC heuristics: --param ggc-min-expand=100 --param ggc-min-heapsize=131072]
  ignore line: [Compiler executable checksum: 00000000000000000000000000000000]
  ignore line: [COLLECT_GCC_OPTIONS='-v' '-o' 'CMakeFiles/cmTC_6ec92.dir/CMakeCCompilerABI.c.o' '-c' '-mtune=generic' '-march=x86-64']
  ignore line: [ /usr/lib64/gcc/x86_64-suse-linux/9/../../../../x86_64-suse-linux/bin/as -v --64 -o CMakeFiles/cmTC_6ec92.dir/CMakeCCompilerABI.c.o /tmp/ccggez31.s]
  ignore line: [GNU assembler version 2.32 (x86_64-suse-linux) using BFD version (GNU Binutils]
  ignore line: [ openSUSE Tumbleweed) 2.32]
  ignore line: [COMPILER_PATH=/usr/lib64/gcc/x86_64-suse-linux/9/:/usr/lib64/gcc/x86_64-suse-linux/9/:/usr/lib64/gcc/x86_64-suse-linux/:/usr/lib64/gcc/x86_64-suse-linux/9/:/usr/lib64/gcc/x86_64-suse-linux/:/usr/lib64/gcc/x86_64-suse-linux/9/../../../../x86_64-suse-linux/bin/]
  ignore line: [LIBRARY_PATH=/usr/lib64/gcc/x86_64-suse-linux/9/:/usr/lib64/gcc/x86_64-suse-linux/9/../../../../lib64/:/lib/../lib64/:/usr/lib/../lib64/:/usr/lib64/gcc/x86_64-suse-linux/9/../../../../x86_64-suse-linux/lib/:/usr/lib64/gcc/x86_64-suse-linux/9/../../../:/lib/:/usr/lib/]
  ignore line: [COLLECT_GCC_OPTIONS='-v' '-o' 'CMakeFiles/cmTC_6ec92.dir/CMakeCCompilerABI.c.o' '-c' '-mtune=generic' '-march=x86-64']
  ignore line: [Linking C executable cmTC_6ec92]
  ignore line: [/usr/bin/cmake -E cmake_link_script CMakeFiles/cmTC_6ec92.dir/link.txt --verbose=1]
  ignore line: [/usr/bin/gcc-9     -v -rdynamic CMakeFiles/cmTC_6ec92.dir/CMakeCCompilerABI.c.o  -o cmTC_6ec92 ]
  ignore line: [Using built-in specs.]
  ignore line: [COLLECT_GCC=/usr/bin/gcc-9]
  ignore line: [COLLECT_LTO_WRAPPER=/usr/lib64/gcc/x86_64-suse-linux/9/lto-wrapper]
  ignore line: [OFFLOAD_TARGET_NAMES=hsa:nvptx-none]
  ignore line: [Target: x86_64-suse-linux]
  ignore line: [Configured with: ../configure --prefix=/usr --infodir=/usr/share/info --mandir=/usr/share/man --libdir=/usr/lib64 --libexecdir=/usr/lib64 --enable-languages=c,c++,objc,fortran,obj-c++,ada,go,d --enable-offload-targets=hsa,nvptx-none=/usr/nvptx-none, --without-cuda-driver --disable-werror --with-gxx-include-dir=/usr/include/c++/9 --enable-ssp --disable-libssp --disable-libvtv --disable-cet --disable-libcc1 --enable-plugin --with-bugurl=https://bugs.opensuse.org/ --with-pkgversion='SUSE Linux' --with-slibdir=/lib64 --with-system-zlib --enable-libstdcxx-allocator=new --disable-libstdcxx-pch --enable-libphobos --enable-version-specific-runtime-libs --with-gcc-major-version-only --enable-linker-build-id --enable-linux-futex --enable-gnu-indirect-function --program-suffix=-9 --without-system-libunwind --enable-multilib --with-arch-32=x86-64 --with-tune=generic --with-build-config=bootstrap-lto-lean --enable-link-mutex --build=x86_64-suse-linux --host=x86_64-suse-linux]
  ignore line: [Thread model: posix]
  ignore line: [gcc version 9.1.1 20190723 [gcc-9-branch revision 273734] (SUSE Linux) ]
  ignore line: [COMPILER_PATH=/usr/lib64/gcc/x86_64-suse-linux/9/:/usr/lib64/gcc/x86_64-suse-linux/9/:/usr/lib64/gcc/x86_64-suse-linux/:/usr/lib64/gcc/x86_64-suse-linux/9/:/usr/lib64/gcc/x86_64-suse-linux/:/usr/lib64/gcc/x86_64-suse-linux/9/../../../../x86_64-suse-linux/bin/]
  ignore line: [LIBRARY_PATH=/usr/lib64/gcc/x86_64-suse-linux/9/:/usr/lib64/gcc/x86_64-suse-linux/9/../../../../lib64/:/lib/../lib64/:/usr/lib/../lib64/:/usr/lib64/gcc/x86_64-suse-linux/9/../../../../x86_64-suse-linux/lib/:/usr/lib64/gcc/x86_64-suse-linux/9/../../../:/lib/:/usr/lib/]
  ignore line: [COLLECT_GCC_OPTIONS='-v' '-rdynamic' '-o' 'cmTC_6ec92' '-mtune=generic' '-march=x86-64']
  link line: [ /usr/lib64/gcc/x86_64-suse-linux/9/collect2 -plugin /usr/lib64/gcc/x86_64-suse-linux/9/liblto_plugin.so -plugin-opt=/usr/lib64/gcc/x86_64-suse-linux/9/lto-wrapper -plugin-opt=-fresolution=/tmp/cc3DS9l7.res -plugin-opt=-pass-through=-lgcc -plugin-opt=-pass-through=-lgcc_s -plugin-opt=-pass-through=-lc -plugin-opt=-pass-through=-lgcc -plugin-opt=-pass-through=-lgcc_s --build-id --eh-frame-hdr -m elf_x86_64 -export-dynamic -dynamic-linker /lib64/ld-linux-x86-64.so.2 -o cmTC_6ec92 /usr/lib64/gcc/x86_64-suse-linux/9/../../../../lib64/crt1.o /usr/lib64/gcc/x86_64-suse-linux/9/../../../../lib64/crti.o /usr/lib64/gcc/x86_64-suse-linux/9/crtbegin.o -L/usr/lib64/gcc/x86_64-suse-linux/9 -L/usr/lib64/gcc/x86_64-suse-linux/9/../../../../lib64 -L/lib/../lib64 -L/usr/lib/../lib64 -L/usr/lib64/gcc/x86_64-suse-linux/9/../../../../x86_64-suse-linux/lib -L/usr/lib64/gcc/x86_64-suse-linux/9/../../.. CMakeFiles/cmTC_6ec92.dir/CMakeCCompilerABI.c.o -lgcc --push-state --as-needed -lgcc_s --pop-state -lc -lgcc --push-state --as-needed -lgcc_s --pop-state /usr/lib64/gcc/x86_64-suse-linux/9/crtend.o /usr/lib64/gcc/x86_64-suse-linux/9/../../../../lib64/crtn.o]
    arg [/usr/lib64/gcc/x86_64-suse-linux/9/collect2] ==> ignore
    arg [-plugin] ==> ignore
    arg [/usr/lib64/gcc/x86_64-suse-linux/9/liblto_plugin.so] ==> ignore
    arg [-plugin-opt=/usr/lib64/gcc/x86_64-suse-linux/9/lto-wrapper] ==> ignore
    arg [-plugin-opt=-fresolution=/tmp/cc3DS9l7.res] ==> ignore
    arg [-plugin-opt=-pass-through=-lgcc] ==> ignore
    arg [-plugin-opt=-pass-through=-lgcc_s] ==> ignore
    arg [-plugin-opt=-pass-through=-lc] ==> ignore
    arg [-plugin-opt=-pass-through=-lgcc] ==> ignore
    arg [-plugin-opt=-pass-through=-lgcc_s] ==> ignore
    arg [--build-id] ==> ignore
    arg [--eh-frame-hdr] ==> ignore
    arg [-m] ==> ignore
    arg [elf_x86_64] ==> ignore
    arg [-export-dynamic] ==> ignore
    arg [-dynamic-linker] ==> ignore
    arg [/lib64/ld-linux-x86-64.so.2] ==> ignore
    arg [-o] ==> ignore
    arg [cmTC_6ec92] ==> ignore
    arg [/usr/lib64/gcc/x86_64-suse-linux/9/../../../../lib64/crt1.o] ==> ignore
    arg [/usr/lib64/gcc/x86_64-suse-linux/9/../../../../lib64/crti.o] ==> ignore
    arg [/usr/lib64/gcc/x86_64-suse-linux/9/crtbegin.o] ==> ignore
    arg [-L/usr/lib64/gcc/x86_64-suse-linux/9] ==> dir [/usr/lib64/gcc/x86_64-suse-linux/9]
    arg [-L/usr/lib64/gcc/x86_64-suse-linux/9/../../../../lib64] ==> dir [/usr/lib64/gcc/x86_64-suse-linux/9/../../../../lib64]
    arg [-L/lib/../lib64] ==> dir [/lib/../lib64]
    arg [-L/usr/lib/../lib64] ==> dir [/usr/lib/../lib64]
    arg [-L/usr/lib64/gcc/x86_64-suse-linux/9/../../../../x86_64-suse-linux/lib] ==> dir [/usr/lib64/gcc/x86_64-suse-linux/9/../../../../x86_64-suse-linux/lib]
    arg [-L/usr/lib64/gcc/x86_64-suse-linux/9/../../..] ==> dir [/usr/lib64/gcc/x86_64-suse-linux/9/../../..]
    arg [CMakeFiles/cmTC_6ec92.dir/CMakeCCompilerABI.c.o] ==> ignore
    arg [-lgcc] ==> lib [gcc]
    arg [--push-state] ==> ignore
    arg [--as-needed] ==> ignore
    arg [-lgcc_s] ==> lib [gcc_s]
    arg [--pop-state] ==> ignore
    arg [-lc] ==> lib [c]
    arg [-lgcc] ==> lib [gcc]
    arg [--push-state] ==> ignore
    arg [--as-needed] ==> ignore
    arg [-lgcc_s] ==> lib [gcc_s]
    arg [--pop-state] ==> ignore
    arg [/usr/lib64/gcc/x86_64-suse-linux/9/crtend.o] ==> ignore
    arg [/usr/lib64/gcc/x86_64-suse-linux/9/../../../../lib64/crtn.o] ==> ignore
  collapse library dir [/usr/lib64/gcc/x86_64-suse-linux/9] ==> [/usr/lib64/gcc/x86_64-suse-linux/9]
  collapse library dir [/usr/lib64/gcc/x86_64-suse-linux/9/../../../../lib64] ==> [/usr/lib64]
  collapse library dir [/lib/../lib64] ==> [/lib64]
  collapse library dir [/usr/lib/../lib64] ==> [/usr/lib64]
  collapse library dir [/usr/lib64/gcc/x86_64-suse-linux/9/../../../../x86_64-suse-linux/lib] ==> [/usr/x86_64-suse-linux/lib]
  collapse library dir [/usr/lib64/gcc/x86_64-suse-linux/9/../../..] ==> [/usr/lib64]
  implicit libs: [gcc;gcc_s;c;gcc;gcc_s]
  implicit dirs: [/usr/lib64/gcc/x86_64-suse-linux/9;/usr/lib64;/lib64;/usr/x86_64-suse-linux/lib]
  implicit fwks: []




Detecting C [-std=c11] compiler features compiled with the following output:
Change Dir: /home/nathan/Projects/plasma5-genius-integration/build/CMakeFiles/CMakeTmp

Run Build Command(s):/usr/bin/gmake cmTC_7cee5/fast 
/usr/bin/gmake -f CMakeFiles/cmTC_7cee5.dir/build.make CMakeFiles/cmTC_7cee5.dir/build
gmake[1]: Entering directory '/home/nathan/Projects/plasma5-genius-integration/build/CMakeFiles/CMakeTmp'
Building C object CMakeFiles/cmTC_7cee5.dir/feature_tests.c.o
/usr/bin/gcc-9   -std=c11 -o CMakeFiles/cmTC_7cee5.dir/feature_tests.c.o   -c /home/nathan/Projects/plasma5-genius-integration/build/CMakeFiles/feature_tests.c
Linking C executable cmTC_7cee5
/usr/bin/cmake -E cmake_link_script CMakeFiles/cmTC_7cee5.dir/link.txt --verbose=1
/usr/bin/gcc-9      -rdynamic CMakeFiles/cmTC_7cee5.dir/feature_tests.c.o  -o cmTC_7cee5 
gmake[1]: Leaving directory '/home/nathan/Projects/plasma5-genius-integration/build/CMakeFiles/CMakeTmp'


    Feature record: C_FEATURE:1c_function_prototypes
    Feature record: C_FEATURE:1c_restrict
    Feature record: C_FEATURE:1c_static_assert
    Feature record: C_FEATURE:1c_variadic_macros


Detecting C [-std=c99] compiler features compiled with the following output:
Change Dir: /home/nathan/Projects/plasma5-genius-integration/build/CMakeFiles/CMakeTmp

Run Build Command(s):/usr/bin/gmake cmTC_c8fd2/fast 
/usr/bin/gmake -f CMakeFiles/cmTC_c8fd2.dir/build.make CMakeFiles/cmTC_c8fd2.dir/build
gmake[1]: Entering directory '/home/nathan/Projects/plasma5-genius-integration/build/CMakeFiles/CMakeTmp'
Building C object CMakeFiles/cmTC_c8fd2.dir/feature_tests.c.o
/usr/bin/gcc-9   -std=c99 -o CMakeFiles/cmTC_c8fd2.dir/feature_tests.c.o   -c /home/nathan/Projects/plasma5-genius-integration/build/CMakeFiles/feature_tests.c
Linking C executable cmTC_c8fd2
/usr/bin/cmake -E cmake_link_script CMakeFiles/cmTC_c8fd2.dir/link.txt --verbose=1
/usr/bin/gcc-9      -rdynamic CMakeFiles/cmTC_c8fd2.dir/feature_tests.c.o  -o cmTC_c8fd2 
gmake[1]: Leaving directory '/home/nathan/Projects/plasma5-genius-integration/build/CMakeFiles/CMakeTmp'


    Feature record: C_FEATURE:1c_function_prototypes
    Feature record: C_FEATURE:1c_restrict
    Feature record: C_FEATURE:0c_static_assert
    Feature record: C_FEATURE:1c_variadic_macros


Detecting C [-std=c90] compiler features compiled with the following output:
Change Dir: /home/nathan/Projects/plasma5-genius-integration/build/CMakeFiles/CMakeTmp

Run Build Command(s):/usr/bin/gmake cmTC_733d6/fast 
/usr/bin/gmake -f CMakeFiles/cmTC_733d6.dir/build.make CMakeFiles/cmTC_733d6.dir/build
gmake[1]: Entering directory '/home/nathan/Projects/plasma5-genius-integration/build/CMakeFiles/CMakeTmp'
Building C object CMakeFiles/cmTC_733d6.dir/feature_tests.c.o
/usr/bin/gcc-9   -std=c90 -o CMakeFiles/cmTC_733d6.dir/feature_tests.c.o   -c /home/nathan/Projects/plasma5-genius-integration/build/CMakeFiles/feature_tests.c
Linking C executable cmTC_733d6
/usr/bin/cmake -E cmake_link_script CMakeFiles/cmTC_733d6.dir/link.txt --verbose=1
/usr/bin/gcc-9      -rdynamic CMakeFiles/cmTC_733d6.dir/feature_tests.c.o  -o cmTC_733d6 
gmake[1]: Leaving directory '/home/nathan/Projects/plasma5-genius-integration/build/CMakeFiles/CMakeTmp'


    Feature record: C_FEATURE:1c_function_prototypes
    Feature record: C_FEATURE:0c_restrict
    Feature record: C_FEATURE:0c_static_assert
    Feature record: C_FEATURE:0c_variadic_macros
Determining if the CXX compiler works passed with the following output:
Change Dir: /home/nathan/Projects/plasma5-genius-integration/build/CMakeFiles/CMakeTmp

Run Build Command(s):/usr/bin/gmake cmTC_eb39e/fast 
/usr/bin/gmake -f CMakeFiles/cmTC_eb39e.dir/build.make CMakeFiles/cmTC_eb39e.dir/build
gmake[1]: Entering directory '/home/nathan/Projects/plasma5-genius-integration/build/CMakeFiles/CMakeTmp'
Building CXX object CMakeFiles/cmTC_eb39e.dir/testCXXCompiler.cxx.o
/usr/bin/g++-9     -o CMakeFiles/cmTC_eb39e.dir/testCXXCompiler.cxx.o -c /home/nathan/Projects/plasma5-genius-integration/build/CMakeFiles/CMakeTmp/testCXXCompiler.cxx
Linking CXX executable cmTC_eb39e
/usr/bin/cmake -E cmake_link_script CMakeFiles/cmTC_eb39e.dir/link.txt --verbose=1
/usr/bin/g++-9       -rdynamic CMakeFiles/cmTC_eb39e.dir/testCXXCompiler.cxx.o  -o cmTC_eb39e 
gmake[1]: Leaving directory '/home/nathan/Projects/plasma5-genius-integration/build/CMakeFiles/CMakeTmp'


Detecting CXX compiler ABI info compiled with the following output:
Change Dir: /home/nathan/Projects/plasma5-genius-integration/build/CMakeFiles/CMakeTmp

Run Build Command(s):/usr/bin/gmake cmTC_16e9b/fast 
/usr/bin/gmake -f CMakeFiles/cmTC_16e9b.dir/build.make CMakeFiles/cmTC_16e9b.dir/build
gmake[1]: Entering directory '/home/nathan/Projects/plasma5-genius-integration/build/CMakeFiles/CMakeTmp'
Building CXX object CMakeFiles/cmTC_16e9b.dir/CMakeCXXCompilerABI.cpp.o
/usr/bin/g++-9    -v -o CMakeFiles/cmTC_16e9b.dir/CMakeCXXCompilerABI.cpp.o -c /usr/share/cmake/Modules/CMakeCXXCompilerABI.cpp
Using built-in specs.
COLLECT_GCC=/usr/bin/g++-9
OFFLOAD_TARGET_NAMES=hsa:nvptx-none
Target: x86_64-suse-linux
Configured with: ../configure --prefix=/usr --infodir=/usr/share/info --mandir=/usr/share/man --libdir=/usr/lib64 --libexecdir=/usr/lib64 --enable-languages=c,c++,objc,fortran,obj-c++,ada,go,d --enable-offload-targets=hsa,nvptx-none=/usr/nvptx-none, --without-cuda-driver --disable-werror --with-gxx-include-dir=/usr/include/c++/9 --enable-ssp --disable-libssp --disable-libvtv --disable-cet --disable-libcc1 --enable-plugin --with-bugurl=https://bugs.opensuse.org/ --with-pkgversion='SUSE Linux' --with-slibdir=/lib64 --with-system-zlib --enable-libstdcxx-allocator=new --disable-libstdcxx-pch --enable-libphobos --enable-version-specific-runtime-libs --with-gcc-major-version-only --enable-linker-build-id --enable-linux-futex --enable-gnu-indirect-function --program-suffix=-9 --without-system-libunwind --enable-multilib --with-arch-32=x86-64 --with-tune=generic --with-build-config=bootstrap-lto-lean --enable-link-mutex --build=x86_64-suse-linux --host=x86_64-suse-linux
Thread model: posix
gcc version 9.1.1 20190723 [gcc-9-branch revision 273734] (SUSE Linux) 
COLLECT_GCC_OPTIONS='-v' '-o' 'CMakeFiles/cmTC_16e9b.dir/CMakeCXXCompilerABI.cpp.o' '-c' '-shared-libgcc' '-mtune=generic' '-march=x86-64'
 /usr/lib64/gcc/x86_64-suse-linux/9/cc1plus -quiet -v -D_GNU_SOURCE /usr/share/cmake/Modules/CMakeCXXCompilerABI.cpp -quiet -dumpbase CMakeCXXCompilerABI.cpp -mtune=generic -march=x86-64 -auxbase-strip CMakeFiles/cmTC_16e9b.dir/CMakeCXXCompilerABI.cpp.o -version -o /tmp/ccGpFCKn.s
GNU C++14 (SUSE Linux) version 9.1.1 20190723 [gcc-9-branch revision 273734] (x86_64-suse-linux)
	compiled by GNU C version 9.1.1 20190723 [gcc-9-branch revision 273734], GMP version 6.1.2, MPFR version 4.0.2, MPC version 1.1.0, isl version isl-0.20-GMP

GGC heuristics: --param ggc-min-expand=100 --param ggc-min-heapsize=131072
#include "..." search starts here:
#include <...> search starts here:
 /usr/include/c++/9
 /usr/include/c++/9/x86_64-suse-linux
 /usr/include/c++/9/backward
 /usr/lib64/gcc/x86_64-suse-linux/9/include
 /usr/local/include
 /usr/lib64/gcc/x86_64-suse-linux/9/include-fixed
 /usr/lib64/gcc/x86_64-suse-linux/9/../../../../x86_64-suse-linux/include
 /usr/include
End of search list.
GNU C++14 (SUSE Linux) version 9.1.1 20190723 [gcc-9-branch revision 273734] (x86_64-suse-linux)
	compiled by GNU C version 9.1.1 20190723 [gcc-9-branch revision 273734], GMP version 6.1.2, MPFR version 4.0.2, MPC version 1.1.0, isl version isl-0.20-GMP

GGC heuristics: --param ggc-min-expand=100 --param ggc-min-heapsize=131072
Compiler executable checksum: 00000000000000000000000000000000
COLLECT_GCC_OPTIONS='-v' '-o' 'CMakeFiles/cmTC_16e9b.dir/CMakeCXXCompilerABI.cpp.o' '-c' '-shared-libgcc' '-mtune=generic' '-march=x86-64'
 /usr/lib64/gcc/x86_64-suse-linux/9/../../../../x86_64-suse-linux/bin/as -v --64 -o CMakeFiles/cmTC_16e9b.dir/CMakeCXXCompilerABI.cpp.o /tmp/ccGpFCKn.s
GNU assembler version 2.32 (x86_64-suse-linux) using BFD version (GNU Binutils; openSUSE Tumbleweed) 2.32
COMPILER_PATH=/usr/lib64/gcc/x86_64-suse-linux/9/:/usr/lib64/gcc/x86_64-suse-linux/9/:/usr/lib64/gcc/x86_64-suse-linux/:/usr/lib64/gcc/x86_64-suse-linux/9/:/usr/lib64/gcc/x86_64-suse-linux/:/usr/lib64/gcc/x86_64-suse-linux/9/../../../../x86_64-suse-linux/bin/
LIBRARY_PATH=/usr/lib64/gcc/x86_64-suse-linux/9/:/usr/lib64/gcc/x86_64-suse-linux/9/../../../../lib64/:/lib/../lib64/:/usr/lib/../lib64/:/usr/lib64/gcc/x86_64-suse-linux/9/../../../../x86_64-suse-linux/lib/:/usr/lib64/gcc/x86_64-suse-linux/9/../../../:/lib/:/usr/lib/
COLLECT_GCC_OPTIONS='-v' '-o' 'CMakeFiles/cmTC_16e9b.dir/CMakeCXXCompilerABI.cpp.o' '-c' '-shared-libgcc' '-mtune=generic' '-march=x86-64'
Linking CXX executable cmTC_16e9b
/usr/bin/cmake -E cmake_link_script CMakeFiles/cmTC_16e9b.dir/link.txt --verbose=1
/usr/bin/g++-9      -v -rdynamic CMakeFiles/cmTC_16e9b.dir/CMakeCXXCompilerABI.cpp.o  -o cmTC_16e9b 
Using built-in specs.
COLLECT_GCC=/usr/bin/g++-9
COLLECT_LTO_WRAPPER=/usr/lib64/gcc/x86_64-suse-linux/9/lto-wrapper
OFFLOAD_TARGET_NAMES=hsa:nvptx-none
Target: x86_64-suse-linux
Configured with: ../configure --prefix=/usr --infodir=/usr/share/info --mandir=/usr/share/man --libdir=/usr/lib64 --libexecdir=/usr/lib64 --enable-languages=c,c++,objc,fortran,obj-c++,ada,go,d --enable-offload-targets=hsa,nvptx-none=/usr/nvptx-none, --without-cuda-driver --disable-werror --with-gxx-include-dir=/usr/include/c++/9 --enable-ssp --disable-libssp --disable-libvtv --disable-cet --disable-libcc1 --enable-plugin --with-bugurl=https://bugs.opensuse.org/ --with-pkgversion='SUSE Linux' --with-slibdir=/lib64 --with-system-zlib --enable-libstdcxx-allocator=new --disable-libstdcxx-pch --enable-libphobos --enable-version-specific-runtime-libs --with-gcc-major-version-only --enable-linker-build-id --enable-linux-futex --enable-gnu-indirect-function --program-suffix=-9 --without-system-libunwind --enable-multilib --with-arch-32=x86-64 --with-tune=generic --with-build-config=bootstrap-lto-lean --enable-link-mutex --build=x86_64-suse-linux --host=x86_64-suse-linux
Thread model: posix
gcc version 9.1.1 20190723 [gcc-9-branch revision 273734] (SUSE Linux) 
COMPILER_PATH=/usr/lib64/gcc/x86_64-suse-linux/9/:/usr/lib64/gcc/x86_64-suse-linux/9/:/usr/lib64/gcc/x86_64-suse-linux/:/usr/lib64/gcc/x86_64-suse-linux/9/:/usr/lib64/gcc/x86_64-suse-linux/:/usr/lib64/gcc/x86_64-suse-linux/9/../../../../x86_64-suse-linux/bin/
LIBRARY_PATH=/usr/lib64/gcc/x86_64-suse-linux/9/:/usr/lib64/gcc/x86_64-suse-linux/9/../../../../lib64/:/lib/../lib64/:/usr/lib/../lib64/:/usr/lib64/gcc/x86_64-suse-linux/9/../../../../x86_64-suse-linux/lib/:/usr/lib64/gcc/x86_64-suse-linux/9/../../../:/lib/:/usr/lib/
COLLECT_GCC_OPTIONS='-v' '-rdynamic' '-o' 'cmTC_16e9b' '-shared-libgcc' '-mtune=generic' '-march=x86-64'
 /usr/lib64/gcc/x86_64-suse-linux/9/collect2 -plugin /usr/lib64/gcc/x86_64-suse-linux/9/liblto_plugin.so -plugin-opt=/usr/lib64/gcc/x86_64-suse-linux/9/lto-wrapper -plugin-opt=-fresolution=/tmp/ccLXsIQs.res -plugin-opt=-pass-through=-lgcc_s -plugin-opt=-pass-through=-lgcc -plugin-opt=-pass-through=-lc -plugin-opt=-pass-through=-lgcc_s -plugin-opt=-pass-through=-lgcc --build-id --eh-frame-hdr -m elf_x86_64 -export-dynamic -dynamic-linker /lib64/ld-linux-x86-64.so.2 -o cmTC_16e9b /usr/lib64/gcc/x86_64-suse-linux/9/../../../../lib64/crt1.o /usr/lib64/gcc/x86_64-suse-linux/9/../../../../lib64/crti.o /usr/lib64/gcc/x86_64-suse-linux/9/crtbegin.o -L/usr/lib64/gcc/x86_64-suse-linux/9 -L/usr/lib64/gcc/x86_64-suse-linux/9/../../../../lib64 -L/lib/../lib64 -L/usr/lib/../lib64 -L/usr/lib64/gcc/x86_64-suse-linux/9/../../../../x86_64-suse-linux/lib -L/usr/lib64/gcc/x86_64-suse-linux/9/../../.. CMakeFiles/cmTC_16e9b.dir/CMakeCXXCompilerABI.cpp.o -lstdc++ -lm -lgcc_s -lgcc -lc -lgcc_s -lgcc /usr/lib64/gcc/x86_64-suse-linux/9/crtend.o /usr/lib64/gcc/x86_64-suse-linux/9/../../../../lib64/crtn.o
COLLECT_GCC_OPTIONS='-v' '-rdynamic' '-o' 'cmTC_16e9b' '-shared-libgcc' '-mtune=generic' '-march=x86-64'
gmake[1]: Leaving directory '/home/nathan/Projects/plasma5-genius-integration/build/CMakeFiles/CMakeTmp'


Parsed CXX implicit include dir info from above output: rv=done
  found start of include info
  found start of implicit include info
    add: [/usr/include/c++/9]
    add: [/usr/include/c++/9/x86_64-suse-linux]
    add: [/usr/include/c++/9/backward]
    add: [/usr/lib64/gcc/x86_64-suse-linux/9/include]
    add: [/usr/local/include]
    add: [/usr/lib64/gcc/x86_64-suse-linux/9/include-fixed]
    add: [/usr/lib64/gcc/x86_64-suse-linux/9/../../../../x86_64-suse-linux/include]
    add: [/usr/include]
  end of search list found
  collapse include dir [/usr/include/c++/9] ==> [/usr/include/c++/9]
  collapse include dir [/usr/include/c++/9/x86_64-suse-linux] ==> [/usr/include/c++/9/x86_64-suse-linux]
  collapse include dir [/usr/include/c++/9/backward] ==> [/usr/include/c++/9/backward]
  collapse include dir [/usr/lib64/gcc/x86_64-suse-linux/9/include] ==> [/usr/lib64/gcc/x86_64-suse-linux/9/include]
  collapse include dir [/usr/local/include] ==> [/usr/local/include]
  collapse include dir [/usr/lib64/gcc/x86_64-suse-linux/9/include-fixed] ==> [/usr/lib64/gcc/x86_64-suse-linux/9/include-fixed]
  collapse include dir [/usr/lib64/gcc/x86_64-suse-linux/9/../../../../x86_64-suse-linux/include] ==> [/usr/x86_64-suse-linux/include]
  collapse include dir [/usr/include] ==> [/usr/include]
  implicit include dirs: [/usr/include/c++/9;/usr/include/c++/9/x86_64-suse-linux;/usr/include/c++/9/backward;/usr/lib64/gcc/x86_64-suse-linux/9/include;/usr/local/include;/usr/lib64/gcc/x86_64-suse-linux/9/include-fixed;/usr/x86_64-suse-linux/include;/usr/include]


Parsed CXX implicit link information from above output:
  link line regex: [^( *|.*[/\])(ld|CMAKE_LINK_STARTFILE-NOTFOUND|([^/\]+-)?ld|collect2)[^/\]*( |$)]
  ignore line: [Change Dir: /home/nathan/Projects/plasma5-genius-integration/build/CMakeFiles/CMakeTmp]
  ignore line: []
  ignore line: [Run Build Command(s):/usr/bin/gmake cmTC_16e9b/fast ]
  ignore line: [/usr/bin/gmake -f CMakeFiles/cmTC_16e9b.dir/build.make CMakeFiles/cmTC_16e9b.dir/build]
  ignore line: [gmake[1]: Entering directory '/home/nathan/Projects/plasma5-genius-integration/build/CMakeFiles/CMakeTmp']
  ignore line: [Building CXX object CMakeFiles/cmTC_16e9b.dir/CMakeCXXCompilerABI.cpp.o]
  ignore line: [/usr/bin/g++-9    -v -o CMakeFiles/cmTC_16e9b.dir/CMakeCXXCompilerABI.cpp.o -c /usr/share/cmake/Modules/CMakeCXXCompilerABI.cpp]
  ignore line: [Using built-in specs.]
  ignore line: [COLLECT_GCC=/usr/bin/g++-9]
  ignore line: [OFFLOAD_TARGET_NAMES=hsa:nvptx-none]
  ignore line: [Target: x86_64-suse-linux]
  ignore line: [Configured with: ../configure --prefix=/usr --infodir=/usr/share/info --mandir=/usr/share/man --libdir=/usr/lib64 --libexecdir=/usr/lib64 --enable-languages=c,c++,objc,fortran,obj-c++,ada,go,d --enable-offload-targets=hsa,nvptx-none=/usr/nvptx-none, --without-cuda-driver --disable-werror --with-gxx-include-dir=/usr/include/c++/9 --enable-ssp --disable-libssp --disable-libvtv --disable-cet --disable-libcc1 --enable-plugin --with-bugurl=https://bugs.opensuse.org/ --with-pkgversion='SUSE Linux' --with-slibdir=/lib64 --with-system-zlib --enable-libstdcxx-allocator=new --disable-libstdcxx-pch --enable-libphobos --enable-version-specific-runtime-libs --with-gcc-major-version-only --enable-linker-build-id --enable-linux-futex --enable-gnu-indirect-function --program-suffix=-9 --without-system-libunwind --enable-multilib --with-arch-32=x86-64 --with-tune=generic --with-build-config=bootstrap-lto-lean --enable-link-mutex --build=x86_64-suse-linux --host=x86_64-suse-linux]
  ignore line: [Thread model: posix]
  ignore line: [gcc version 9.1.1 20190723 [gcc-9-branch revision 273734] (SUSE Linux) ]
  ignore line: [COLLECT_GCC_OPTIONS='-v' '-o' 'CMakeFiles/cmTC_16e9b.dir/CMakeCXXCompilerABI.cpp.o' '-c' '-shared-libgcc' '-mtune=generic' '-march=x86-64']
  ignore line: [ /usr/lib64/gcc/x86_64-suse-linux/9/cc1plus -quiet -v -D_GNU_SOURCE /usr/share/cmake/Modules/CMakeCXXCompilerABI.cpp -quiet -dumpbase CMakeCXXCompilerABI.cpp -mtune=generic -march=x86-64 -auxbase-strip CMakeFiles/cmTC_16e9b.dir/CMakeCXXCompilerABI.cpp.o -version -o /tmp/ccGpFCKn.s]
  ignore line: [GNU C++14 (SUSE Linux) version 9.1.1 20190723 [gcc-9-branch revision 273734] (x86_64-suse-linux)]
  ignore line: [	compiled by GNU C version 9.1.1 20190723 [gcc-9-branch revision 273734], GMP version 6.1.2, MPFR version 4.0.2, MPC version 1.1.0, isl version isl-0.20-GMP]
  ignore line: []
  ignore line: [GGC heuristics: --param ggc-min-expand=100 --param ggc-min-heapsize=131072]
  ignore line: [#include "..." search starts here:]
  ignore line: [#include <...> search starts here:]
  ignore line: [ /usr/include/c++/9]
  ignore line: [ /usr/include/c++/9/x86_64-suse-linux]
  ignore line: [ /usr/include/c++/9/backward]
  ignore line: [ /usr/lib64/gcc/x86_64-suse-linux/9/include]
  ignore line: [ /usr/local/include]
  ignore line: [ /usr/lib64/gcc/x86_64-suse-linux/9/include-fixed]
  ignore line: [ /usr/lib64/gcc/x86_64-suse-linux/9/../../../../x86_64-suse-linux/include]
  ignore line: [ /usr/include]
  ignore line: [End of search list.]
  ignore line: [GNU C++14 (SUSE Linux) version 9.1.1 20190723 [gcc-9-branch revision 273734] (x86_64-suse-linux)]
  ignore line: [	compiled by GNU C version 9.1.1 20190723 [gcc-9-branch revision 273734], GMP version 6.1.2, MPFR version 4.0.2, MPC version 1.1.0, isl version isl-0.20-GMP]
  ignore line: []
  ignore line: [GGC heuristics: --param ggc-min-expand=100 --param ggc-min-heapsize=131072]
  ignore line: [Compiler executable checksum: 00000000000000000000000000000000]
  ignore line: [COLLECT_GCC_OPTIONS='-v' '-o' 'CMakeFiles/cmTC_16e9b.dir/CMakeCXXCompilerABI.cpp.o' '-c' '-shared-libgcc' '-mtune=generic' '-march=x86-64']
  ignore line: [ /usr/lib64/gcc/x86_64-suse-linux/9/../../../../x86_64-suse-linux/bin/as -v --64 -o CMakeFiles/cmTC_16e9b.dir/CMakeCXXCompilerABI.cpp.o /tmp/ccGpFCKn.s]
  ignore line: [GNU assembler version 2.32 (x86_64-suse-linux) using BFD version (GNU Binutils]
  ignore line: [ openSUSE Tumbleweed) 2.32]
  ignore line: [COMPILER_PATH=/usr/lib64/gcc/x86_64-suse-linux/9/:/usr/lib64/gcc/x86_64-suse-linux/9/:/usr/lib64/gcc/x86_64-suse-linux/:/usr/lib64/gcc/x86_64-suse-linux/9/:/usr/lib64/gcc/x86_64-suse-linux/:/usr/lib64/gcc/x86_64-suse-linux/9/../../../../x86_64-suse-linux/bin/]
  ignore line: [LIBRARY_PATH=/usr/lib64/gcc/x86_64-suse-linux/9/:/usr/lib64/gcc/x86_64-suse-linux/9/../../../../lib64/:/lib/../lib64/:/usr/lib/../lib64/:/usr/lib64/gcc/x86_64-suse-linux/9/../../../../x86_64-suse-linux/lib/:/usr/lib64/gcc/x86_64-suse-linux/9/../../../:/lib/:/usr/lib/]
  ignore line: [COLLECT_GCC_OPTIONS='-v' '-o' 'CMakeFiles/cmTC_16e9b.dir/CMakeCXXCompilerABI.cpp.o' '-c' '-shared-libgcc' '-mtune=generic' '-march=x86-64']
  ignore line: [Linking CXX executable cmTC_16e9b]
  ignore line: [/usr/bin/cmake -E cmake_link_script CMakeFiles/cmTC_16e9b.dir/link.txt --verbose=1]
  ignore line: [/usr/bin/g++-9      -v -rdynamic CMakeFiles/cmTC_16e9b.dir/CMakeCXXCompilerABI.cpp.o  -o cmTC_16e9b ]
  ignore line: [Using built-in specs.]
  ignore line: [COLLECT_GCC=/usr/bin/g++-9]
  ignore line: [COLLECT_LTO_WRAPPER=/usr/lib64/gcc/x86_64-suse-linux/9/lto-wrapper]
  ignore line: [OFFLOAD_TARGET_NAMES=hsa:nvptx-none]
  ignore line: [Target: x86_64-suse-linux]
  ignore line: [Configured with: ../configure --prefix=/usr --infodir=/usr/share/info --mandir=/usr/share/man --libdir=/usr/lib64 --libexecdir=/usr/lib64 --enable-languages=c,c++,objc,fortran,obj-c++,ada,go,d --enable-offload-targets=hsa,nvptx-none=/usr/nvptx-none, --without-cuda-driver --disable-werror --with-gxx-include-dir=/usr/include/c++/9 --enable-ssp --disable-libssp --disable-libvtv --disable-cet --disable-libcc1 --enable-plugin --with-bugurl=https://bugs.opensuse.org/ --with-pkgversion='SUSE Linux' --with-slibdir=/lib64 --with-system-zlib --enable-libstdcxx-allocator=new --disable-libstdcxx-pch --enable-libphobos --enable-version-specific-runtime-libs --with-gcc-major-version-only --enable-linker-build-id --enable-linux-futex --enable-gnu-indirect-function --program-suffix=-9 --without-system-libunwind --enable-multilib --with-arch-32=x86-64 --with-tune=generic --with-build-config=bootstrap-lto-lean --enable-link-mutex --build=x86_64-suse-linux --host=x86_64-suse-linux]
  ignore line: [Thread model: posix]
  ignore line: [gcc version 9.1.1 20190723 [gcc-9-branch revision 273734] (SUSE Linux) ]
  ignore line: [COMPILER_PATH=/usr/lib64/gcc/x86_64-suse-linux/9/:/usr/lib64/gcc/x86_64-suse-linux/9/:/usr/lib64/gcc/x86_64-suse-linux/:/usr/lib64/gcc/x86_64-suse-linux/9/:/usr/lib64/gcc/x86_64-suse-linux/:/usr/lib64/gcc/x86_64-suse-linux/9/../../../../x86_64-suse-linux/bin/]
  ignore line: [LIBRARY_PATH=/usr/lib64/gcc/x86_64-suse-linux/9/:/usr/lib64/gcc/x86_64-suse-linux/9/../../../../lib64/:/lib/../lib64/:/usr/lib/../lib64/:/usr/lib64/gcc/x86_64-suse-linux/9/../../../../x86_64-suse-linux/lib/:/usr/lib64/gcc/x86_64-suse-linux/9/../../../:/lib/:/usr/lib/]
  ignore line: [COLLECT_GCC_OPTIONS='-v' '-rdynamic' '-o' 'cmTC_16e9b' '-shared-libgcc' '-mtune=generic' '-march=x86-64']
  link line: [ /usr/lib64/gcc/x86_64-suse-linux/9/collect2 -plugin /usr/lib64/gcc/x86_64-suse-linux/9/liblto_plugin.so -plugin-opt=/usr/lib64/gcc/x86_64-suse-linux/9/lto-wrapper -plugin-opt=-fresolution=/tmp/ccLXsIQs.res -plugin-opt=-pass-through=-lgcc_s -plugin-opt=-pass-through=-lgcc -plugin-opt=-pass-through=-lc -plugin-opt=-pass-through=-lgcc_s -plugin-opt=-pass-through=-lgcc --build-id --eh-frame-hdr -m elf_x86_64 -export-dynamic -dynamic-linker /lib64/ld-linux-x86-64.so.2 -o cmTC_16e9b /usr/lib64/gcc/x86_64-suse-linux/9/../../../../lib64/crt1.o /usr/lib64/gcc/x86_64-suse-linux/9/../../../../lib64/crti.o /usr/lib64/gcc/x86_64-suse-linux/9/crtbegin.o -L/usr/lib64/gcc/x86_64-suse-linux/9 -L/usr/lib64/gcc/x86_64-suse-linux/9/../../../../lib64 -L/lib/../lib64 -L/usr/lib/../lib64 -L/usr/lib64/gcc/x86_64-suse-linux/9/../../../../x86_64-suse-linux/lib -L/usr/lib64/gcc/x86_64-suse-linux/9/../../.. CMakeFiles/cmTC_16e9b.dir/CMakeCXXCompilerABI.cpp.o -lstdc++ -lm -lgcc_s -lgcc -lc -lgcc_s -lgcc /usr/lib64/gcc/x86_64-suse-linux/9/crtend.o /usr/lib64/gcc/x86_64-suse-linux/9/../../../../lib64/crtn.o]
    arg [/usr/lib64/gcc/x86_64-suse-linux/9/collect2] ==> ignore
    arg [-plugin] ==> ignore
    arg [/usr/lib64/gcc/x86_64-suse-linux/9/liblto_plugin.so] ==> ignore
    arg [-plugin-opt=/usr/lib64/gcc/x86_64-suse-linux/9/lto-wrapper] ==> ignore
    arg [-plugin-opt=-fresolution=/tmp/ccLXsIQs.res] ==> ignore
    arg [-plugin-opt=-pass-through=-lgcc_s] ==> ignore
    arg [-plugin-opt=-pass-through=-lgcc] ==> ignore
    arg [-plugin-opt=-pass-through=-lc] ==> ignore
    arg [-plugin-opt=-pass-through=-lgcc_s] ==> ignore
    arg [-plugin-opt=-pass-through=-lgcc] ==> ignore
    arg [--build-id] ==> ignore
    arg [--eh-frame-hdr] ==> ignore
    arg [-m] ==> ignore
    arg [elf_x86_64] ==> ignore
    arg [-export-dynamic] ==> ignore
    arg [-dynamic-linker] ==> ignore
    arg [/lib64/ld-linux-x86-64.so.2] ==> ignore
    arg [-o] ==> ignore
    arg [cmTC_16e9b] ==> ignore
    arg [/usr/lib64/gcc/x86_64-suse-linux/9/../../../../lib64/crt1.o] ==> ignore
    arg [/usr/lib64/gcc/x86_64-suse-linux/9/../../../../lib64/crti.o] ==> ignore
    arg [/usr/lib64/gcc/x86_64-suse-linux/9/crtbegin.o] ==> ignore
    arg [-L/usr/lib64/gcc/x86_64-suse-linux/9] ==> dir [/usr/lib64/gcc/x86_64-suse-linux/9]
    arg [-L/usr/lib64/gcc/x86_64-suse-linux/9/../../../../lib64] ==> dir [/usr/lib64/gcc/x86_64-suse-linux/9/../../../../lib64]
    arg [-L/lib/../lib64] ==> dir [/lib/../lib64]
    arg [-L/usr/lib/../lib64] ==> dir [/usr/lib/../lib64]
    arg [-L/usr/lib64/gcc/x86_64-suse-linux/9/../../../../x86_64-suse-linux/lib] ==> dir [/usr/lib64/gcc/x86_64-suse-linux/9/../../../../x86_64-suse-linux/lib]
    arg [-L/usr/lib64/gcc/x86_64-suse-linux/9/../../..] ==> dir [/usr/lib64/gcc/x86_64-suse-linux/9/../../..]
    arg [CMakeFiles/cmTC_16e9b.dir/CMakeCXXCompilerABI.cpp.o] ==> ignore
    arg [-lstdc++] ==> lib [stdc++]
    arg [-lm] ==> lib [m]
    arg [-lgcc_s] ==> lib [gcc_s]
    arg [-lgcc] ==> lib [gcc]
    arg [-lc] ==> lib [c]
    arg [-lgcc_s] ==> lib [gcc_s]
    arg [-lgcc] ==> lib [gcc]
    arg [/usr/lib64/gcc/x86_64-suse-linux/9/crtend.o] ==> ignore
    arg [/usr/lib64/gcc/x86_64-suse-linux/9/../../../../lib64/crtn.o] ==> ignore
  collapse library dir [/usr/lib64/gcc/x86_64-suse-linux/9] ==> [/usr/lib64/gcc/x86_64-suse-linux/9]
  collapse library dir [/usr/lib64/gcc/x86_64-suse-linux/9/../../../../lib64] ==> [/usr/lib64]
  collapse library dir [/lib/../lib64] ==> [/lib64]
  collapse library dir [/usr/lib/../lib64] ==> [/usr/lib64]
  collapse library dir [/usr/lib64/gcc/x86_64-suse-linux/9/../../../../x86_64-suse-linux/lib] ==> [/usr/x86_64-suse-linux/lib]
  collapse library dir [/usr/lib64/gcc/x86_64-suse-linux/9/../../..] ==> [/usr/lib64]
  implicit libs: [stdc++;m;gcc_s;gcc;c;gcc_s;gcc]
  implicit dirs: [/usr/lib64/gcc/x86_64-suse-linux/9;/usr/lib64;/lib64;/usr/x86_64-suse-linux/lib]
  implicit fwks: []




Detecting CXX [-std=c++2a] compiler features compiled with the following output:
Change Dir: /home/nathan/Projects/plasma5-genius-integration/build/CMakeFiles/CMakeTmp

Run Build Command(s):/usr/bin/gmake cmTC_b5b75/fast 
/usr/bin/gmake -f CMakeFiles/cmTC_b5b75.dir/build.make CMakeFiles/cmTC_b5b75.dir/build
gmake[1]: Entering directory '/home/nathan/Projects/plasma5-genius-integration/build/CMakeFiles/CMakeTmp'
Building CXX object CMakeFiles/cmTC_b5b75.dir/feature_tests.cxx.o
/usr/bin/g++-9    -std=c++2a -o CMakeFiles/cmTC_b5b75.dir/feature_tests.cxx.o -c /home/nathan/Projects/plasma5-genius-integration/build/CMakeFiles/feature_tests.cxx
Linking CXX executable cmTC_b5b75
/usr/bin/cmake -E cmake_link_script CMakeFiles/cmTC_b5b75.dir/link.txt --verbose=1
/usr/bin/g++-9       -rdynamic CMakeFiles/cmTC_b5b75.dir/feature_tests.cxx.o  -o cmTC_b5b75 
gmake[1]: Leaving directory '/home/nathan/Projects/plasma5-genius-integration/build/CMakeFiles/CMakeTmp'


    Feature record: CXX_FEATURE:1cxx_aggregate_default_initializers
    Feature record: CXX_FEATURE:1cxx_alias_templates
    Feature record: CXX_FEATURE:1cxx_alignas
    Feature record: CXX_FEATURE:1cxx_alignof
    Feature record: CXX_FEATURE:1cxx_attributes
    Feature record: CXX_FEATURE:1cxx_attribute_deprecated
    Feature record: CXX_FEATURE:1cxx_auto_type
    Feature record: CXX_FEATURE:1cxx_binary_literals
    Feature record: CXX_FEATURE:1cxx_constexpr
    Feature record: CXX_FEATURE:1cxx_contextual_conversions
    Feature record: CXX_FEATURE:1cxx_decltype
    Feature record: CXX_FEATURE:1cxx_decltype_auto
    Feature record: CXX_FEATURE:1cxx_decltype_incomplete_return_types
    Feature record: CXX_FEATURE:1cxx_default_function_template_args
    Feature record: CXX_FEATURE:1cxx_defaulted_functions
    Feature record: CXX_FEATURE:1cxx_defaulted_move_initializers
    Feature record: CXX_FEATURE:1cxx_delegating_constructors
    Feature record: CXX_FEATURE:1cxx_deleted_functions
    Feature record: CXX_FEATURE:1cxx_digit_separators
    Feature record: CXX_FEATURE:1cxx_enum_forward_declarations
    Feature record: CXX_FEATURE:1cxx_explicit_conversions
    Feature record: CXX_FEATURE:1cxx_extended_friend_declarations
    Feature record: CXX_FEATURE:1cxx_extern_templates
    Feature record: CXX_FEATURE:1cxx_final
    Feature record: CXX_FEATURE:1cxx_func_identifier
    Feature record: CXX_FEATURE:1cxx_generalized_initializers
    Feature record: CXX_FEATURE:1cxx_generic_lambdas
    Feature record: CXX_FEATURE:1cxx_inheriting_constructors
    Feature record: CXX_FEATURE:1cxx_inline_namespaces
    Feature record: CXX_FEATURE:1cxx_lambdas
    Feature record: CXX_FEATURE:1cxx_lambda_init_captures
    Feature record: CXX_FEATURE:1cxx_local_type_template_args
    Feature record: CXX_FEATURE:1cxx_long_long_type
    Feature record: CXX_FEATURE:1cxx_noexcept
    Feature record: CXX_FEATURE:1cxx_nonstatic_member_init
    Feature record: CXX_FEATURE:1cxx_nullptr
    Feature record: CXX_FEATURE:1cxx_override
    Feature record: CXX_FEATURE:1cxx_range_for
    Feature record: CXX_FEATURE:1cxx_raw_string_literals
    Feature record: CXX_FEATURE:1cxx_reference_qualified_functions
    Feature record: CXX_FEATURE:1cxx_relaxed_constexpr
    Feature record: CXX_FEATURE:1cxx_return_type_deduction
    Feature record: CXX_FEATURE:1cxx_right_angle_brackets
    Feature record: CXX_FEATURE:1cxx_rvalue_references
    Feature record: CXX_FEATURE:1cxx_sizeof_member
    Feature record: CXX_FEATURE:1cxx_static_assert
    Feature record: CXX_FEATURE:1cxx_strong_enums
    Feature record: CXX_FEATURE:1cxx_template_template_parameters
    Feature record: CXX_FEATURE:1cxx_thread_local
    Feature record: CXX_FEATURE:1cxx_trailing_return_types
    Feature record: CXX_FEATURE:1cxx_unicode_literals
    Feature record: CXX_FEATURE:1cxx_uniform_initialization
    Feature record: CXX_FEATURE:1cxx_unrestricted_unions
    Feature record: CXX_FEATURE:1cxx_user_literals
    Feature record: CXX_FEATURE:1cxx_variable_templates
    Feature record: CXX_FEATURE:1cxx_variadic_macros
    Feature record: CXX_FEATURE:1cxx_variadic_templates


Detecting CXX [-std=c++17] compiler features compiled with the following output:
Change Dir: /home/nathan/Projects/plasma5-genius-integration/build/CMakeFiles/CMakeTmp

Run Build Command(s):/usr/bin/gmake cmTC_ace74/fast 
/usr/bin/gmake -f CMakeFiles/cmTC_ace74.dir/build.make CMakeFiles/cmTC_ace74.dir/build
gmake[1]: Entering directory '/home/nathan/Projects/plasma5-genius-integration/build/CMakeFiles/CMakeTmp'
Building CXX object CMakeFiles/cmTC_ace74.dir/feature_tests.cxx.o
/usr/bin/g++-9    -std=c++17 -o CMakeFiles/cmTC_ace74.dir/feature_tests.cxx.o -c /home/nathan/Projects/plasma5-genius-integration/build/CMakeFiles/feature_tests.cxx
Linking CXX executable cmTC_ace74
/usr/bin/cmake -E cmake_link_script CMakeFiles/cmTC_ace74.dir/link.txt --verbose=1
/usr/bin/g++-9       -rdynamic CMakeFiles/cmTC_ace74.dir/feature_tests.cxx.o  -o cmTC_ace74 
gmake[1]: Leaving directory '/home/nathan/Projects/plasma5-genius-integration/build/CMakeFiles/CMakeTmp'


    Feature record: CXX_FEATURE:1cxx_aggregate_default_initializers
    Feature record: CXX_FEATURE:1cxx_alias_templates
    Feature record: CXX_FEATURE:1cxx_alignas
    Feature record: CXX_FEATURE:1cxx_alignof
    Feature record: CXX_FEATURE:1cxx_attributes
    Feature record: CXX_FEATURE:1cxx_attribute_deprecated
    Feature record: CXX_FEATURE:1cxx_auto_type
    Feature record: CXX_FEATURE:1cxx_binary_literals
    Feature record: CXX_FEATURE:1cxx_constexpr
    Feature record: CXX_FEATURE:1cxx_contextual_conversions
    Feature record: CXX_FEATURE:1cxx_decltype
    Feature record: CXX_FEATURE:1cxx_decltype_auto
    Feature record: CXX_FEATURE:1cxx_decltype_incomplete_return_types
    Feature record: CXX_FEATURE:1cxx_default_function_template_args
    Feature record: CXX_FEATURE:1cxx_defaulted_functions
    Feature record: CXX_FEATURE:1cxx_defaulted_move_initializers
    Feature record: CXX_FEATURE:1cxx_delegating_constructors
    Feature record: CXX_FEATURE:1cxx_deleted_functions
    Feature record: CXX_FEATURE:1cxx_digit_separators
    Feature record: CXX_FEATURE:1cxx_enum_forward_declarations
    Feature record: CXX_FEATURE:1cxx_explicit_conversions
    Feature record: CXX_FEATURE:1cxx_extended_friend_declarations
    Feature record: CXX_FEATURE:1cxx_extern_templates
    Feature record: CXX_FEATURE:1cxx_final
    Feature record: CXX_FEATURE:1cxx_func_identifier
    Feature record: CXX_FEATURE:1cxx_generalized_initializers
    Feature record: CXX_FEATURE:1cxx_generic_lambdas
    Feature record: CXX_FEATURE:1cxx_inheriting_constructors
    Feature record: CXX_FEATURE:1cxx_inline_namespaces
    Feature record: CXX_FEATURE:1cxx_lambdas
    Feature record: CXX_FEATURE:1cxx_lambda_init_captures
    Feature record: CXX_FEATURE:1cxx_local_type_template_args
    Feature record: CXX_FEATURE:1cxx_long_long_type
    Feature record: CXX_FEATURE:1cxx_noexcept
    Feature record: CXX_FEATURE:1cxx_nonstatic_member_init
    Feature record: CXX_FEATURE:1cxx_nullptr
    Feature record: CXX_FEATURE:1cxx_override
    Feature record: CXX_FEATURE:1cxx_range_for
    Feature record: CXX_FEATURE:1cxx_raw_string_literals
    Feature record: CXX_FEATURE:1cxx_reference_qualified_functions
    Feature record: CXX_FEATURE:1cxx_relaxed_constexpr
    Feature record: CXX_FEATURE:1cxx_return_type_deduction
    Feature record: CXX_FEATURE:1cxx_right_angle_brackets
    Feature record: CXX_FEATURE:1cxx_rvalue_references
    Feature record: CXX_FEATURE:1cxx_sizeof_member
    Feature record: CXX_FEATURE:1cxx_static_assert
    Feature record: CXX_FEATURE:1cxx_strong_enums
    Feature record: CXX_FEATURE:1cxx_template_template_parameters
    Feature record: CXX_FEATURE:1cxx_thread_local
    Feature record: CXX_FEATURE:1cxx_trailing_return_types
    Feature record: CXX_FEATURE:1cxx_unicode_literals
    Feature record: CXX_FEATURE:1cxx_uniform_initialization
    Feature record: CXX_FEATURE:1cxx_unrestricted_unions
    Feature record: CXX_FEATURE:1cxx_user_literals
    Feature record: CXX_FEATURE:1cxx_variable_templates
    Feature record: CXX_FEATURE:1cxx_variadic_macros
    Feature record: CXX_FEATURE:1cxx_variadic_templates


Detecting CXX [-std=c++14] compiler features compiled with the following output:
Change Dir: /home/nathan/Projects/plasma5-genius-integration/build/CMakeFiles/CMakeTmp

Run Build Command(s):/usr/bin/gmake cmTC_b4518/fast 
/usr/bin/gmake -f CMakeFiles/cmTC_b4518.dir/build.make CMakeFiles/cmTC_b4518.dir/build
gmake[1]: Entering directory '/home/nathan/Projects/plasma5-genius-integration/build/CMakeFiles/CMakeTmp'
Building CXX object CMakeFiles/cmTC_b4518.dir/feature_tests.cxx.o
/usr/bin/g++-9    -std=c++14 -o CMakeFiles/cmTC_b4518.dir/feature_tests.cxx.o -c /home/nathan/Projects/plasma5-genius-integration/build/CMakeFiles/feature_tests.cxx
Linking CXX executable cmTC_b4518
/usr/bin/cmake -E cmake_link_script CMakeFiles/cmTC_b4518.dir/link.txt --verbose=1
/usr/bin/g++-9       -rdynamic CMakeFiles/cmTC_b4518.dir/feature_tests.cxx.o  -o cmTC_b4518 
gmake[1]: Leaving directory '/home/nathan/Projects/plasma5-genius-integration/build/CMakeFiles/CMakeTmp'


    Feature record: CXX_FEATURE:1cxx_aggregate_default_initializers
    Feature record: CXX_FEATURE:1cxx_alias_templates
    Feature record: CXX_FEATURE:1cxx_alignas
    Feature record: CXX_FEATURE:1cxx_alignof
    Feature record: CXX_FEATURE:1cxx_attributes
    Feature record: CXX_FEATURE:1cxx_attribute_deprecated
    Feature record: CXX_FEATURE:1cxx_auto_type
    Feature record: CXX_FEATURE:1cxx_binary_literals
    Feature record: CXX_FEATURE:1cxx_constexpr
    Feature record: CXX_FEATURE:1cxx_contextual_conversions
    Feature record: CXX_FEATURE:1cxx_decltype
    Feature record: CXX_FEATURE:1cxx_decltype_auto
    Feature record: CXX_FEATURE:1cxx_decltype_incomplete_return_types
    Feature record: CXX_FEATURE:1cxx_default_function_template_args
    Feature record: CXX_FEATURE:1cxx_defaulted_functions
    Feature record: CXX_FEATURE:1cxx_defaulted_move_initializers
    Feature record: CXX_FEATURE:1cxx_delegating_constructors
    Feature record: CXX_FEATURE:1cxx_deleted_functions
    Feature record: CXX_FEATURE:1cxx_digit_separators
    Feature record: CXX_FEATURE:1cxx_enum_forward_declarations
    Feature record: CXX_FEATURE:1cxx_explicit_conversions
    Feature record: CXX_FEATURE:1cxx_extended_friend_declarations
    Feature record: CXX_FEATURE:1cxx_extern_templates
    Feature record: CXX_FEATURE:1cxx_final
    Feature record: CXX_FEATURE:1cxx_func_identifier
    Feature record: CXX_FEATURE:1cxx_generalized_initializers
    Feature record: CXX_FEATURE:1cxx_generic_lambdas
    Feature record: CXX_FEATURE:1cxx_inheriting_constructors
    Feature record: CXX_FEATURE:1cxx_inline_namespaces
    Feature record: CXX_FEATURE:1cxx_lambdas
    Feature record: CXX_FEATURE:1cxx_lambda_init_captures
    Feature record: CXX_FEATURE:1cxx_local_type_template_args
    Feature record: CXX_FEATURE:1cxx_long_long_type
    Feature record: CXX_FEATURE:1cxx_noexcept
    Feature record: CXX_FEATURE:1cxx_nonstatic_member_init
    Feature record: CXX_FEATURE:1cxx_nullptr
    Feature record: CXX_FEATURE:1cxx_override
    Feature record: CXX_FEATURE:1cxx_range_for
    Feature record: CXX_FEATURE:1cxx_raw_string_literals
    Feature record: CXX_FEATURE:1cxx_reference_qualified_functions
    Feature record: CXX_FEATURE:1cxx_relaxed_constexpr
    Feature record: CXX_FEATURE:1cxx_return_type_deduction
    Feature record: CXX_FEATURE:1cxx_right_angle_brackets
    Feature record: CXX_FEATURE:1cxx_rvalue_references
    Feature record: CXX_FEATURE:1cxx_sizeof_member
    Feature record: CXX_FEATURE:1cxx_static_assert
    Feature record: CXX_FEATURE:1cxx_strong_enums
    Feature record: CXX_FEATURE:1cxx_template_template_parameters
    Feature record: CXX_FEATURE:1cxx_thread_local
    Feature record: CXX_FEATURE:1cxx_trailing_return_types
    Feature record: CXX_FEATURE:1cxx_unicode_literals
    Feature record: CXX_FEATURE:1cxx_uniform_initialization
    Feature record: CXX_FEATURE:1cxx_unrestricted_unions
    Feature record: CXX_FEATURE:1cxx_user_literals
    Feature record: CXX_FEATURE:1cxx_variable_templates
    Feature record: CXX_FEATURE:1cxx_variadic_macros
    Feature record: CXX_FEATURE:1cxx_variadic_templates


Detecting CXX [-std=c++11] compiler features compiled with the following output:
Change Dir: /home/nathan/Projects/plasma5-genius-integration/build/CMakeFiles/CMakeTmp

Run Build Command(s):/usr/bin/gmake cmTC_18c5c/fast 
/usr/bin/gmake -f CMakeFiles/cmTC_18c5c.dir/build.make CMakeFiles/cmTC_18c5c.dir/build
gmake[1]: Entering directory '/home/nathan/Projects/plasma5-genius-integration/build/CMakeFiles/CMakeTmp'
Building CXX object CMakeFiles/cmTC_18c5c.dir/feature_tests.cxx.o
/usr/bin/g++-9    -std=c++11 -o CMakeFiles/cmTC_18c5c.dir/feature_tests.cxx.o -c /home/nathan/Projects/plasma5-genius-integration/build/CMakeFiles/feature_tests.cxx
Linking CXX executable cmTC_18c5c
/usr/bin/cmake -E cmake_link_script CMakeFiles/cmTC_18c5c.dir/link.txt --verbose=1
/usr/bin/g++-9       -rdynamic CMakeFiles/cmTC_18c5c.dir/feature_tests.cxx.o  -o cmTC_18c5c 
gmake[1]: Leaving directory '/home/nathan/Projects/plasma5-genius-integration/build/CMakeFiles/CMakeTmp'


    Feature record: CXX_FEATURE:0cxx_aggregate_default_initializers
    Feature record: CXX_FEATURE:1cxx_alias_templates
    Feature record: CXX_FEATURE:1cxx_alignas
    Feature record: CXX_FEATURE:1cxx_alignof
    Feature record: CXX_FEATURE:1cxx_attributes
    Feature record: CXX_FEATURE:0cxx_attribute_deprecated
    Feature record: CXX_FEATURE:1cxx_auto_type
    Feature record: CXX_FEATURE:0cxx_binary_literals
    Feature record: CXX_FEATURE:1cxx_constexpr
    Feature record: CXX_FEATURE:0cxx_contextual_conversions
    Feature record: CXX_FEATURE:1cxx_decltype
    Feature record: CXX_FEATURE:0cxx_decltype_auto
    Feature record: CXX_FEATURE:1cxx_decltype_incomplete_return_types
    Feature record: CXX_FEATURE:1cxx_default_function_template_args
    Feature record: CXX_FEATURE:1cxx_defaulted_functions
    Feature record: CXX_FEATURE:1cxx_defaulted_move_initializers
    Feature record: CXX_FEATURE:1cxx_delegating_constructors
    Feature record: CXX_FEATURE:1cxx_deleted_functions
    Feature record: CXX_FEATURE:0cxx_digit_separators
    Feature record: CXX_FEATURE:1cxx_enum_forward_declarations
    Feature record: CXX_FEATURE:1cxx_explicit_conversions
    Feature record: CXX_FEATURE:1cxx_extended_friend_declarations
    Feature record: CXX_FEATURE:1cxx_extern_templates
    Feature record: CXX_FEATURE:1cxx_final
    Feature record: CXX_FEATURE:1cxx_func_identifier
    Feature record: CXX_FEATURE:1cxx_generalized_initializers
    Feature record: CXX_FEATURE:0cxx_generic_lambdas
    Feature record: CXX_FEATURE:1cxx_inheriting_constructors
    Feature record: CXX_FEATURE:1cxx_inline_namespaces
    Feature record: CXX_FEATURE:1cxx_lambdas
    Feature record: CXX_FEATURE:0cxx_lambda_init_captures
    Feature record: CXX_FEATURE:1cxx_local_type_template_args
    Feature record: CXX_FEATURE:1cxx_long_long_type
    Feature record: CXX_FEATURE:1cxx_noexcept
    Feature record: CXX_FEATURE:1cxx_nonstatic_member_init
    Feature record: CXX_FEATURE:1cxx_nullptr
    Feature record: CXX_FEATURE:1cxx_override
    Feature record: CXX_FEATURE:1cxx_range_for
    Feature record: CXX_FEATURE:1cxx_raw_string_literals
    Feature record: CXX_FEATURE:1cxx_reference_qualified_functions
    Feature record: CXX_FEATURE:0cxx_relaxed_constexpr
    Feature record: CXX_FEATURE:0cxx_return_type_deduction
    Feature record: CXX_FEATURE:1cxx_right_angle_brackets
    Feature record: CXX_FEATURE:1cxx_rvalue_references
    Feature record: CXX_FEATURE:1cxx_sizeof_member
    Feature record: CXX_FEATURE:1cxx_static_assert
    Feature record: CXX_FEATURE:1cxx_strong_enums
    Feature record: CXX_FEATURE:1cxx_template_template_parameters
    Feature record: CXX_FEATURE:1cxx_thread_local
    Feature record: CXX_FEATURE:1cxx_trailing_return_types
    Feature record: CXX_FEATURE:1cxx_unicode_literals
    Feature record: CXX_FEATURE:1cxx_uniform_initialization
    Feature record: CXX_FEATURE:1cxx_unrestricted_unions
    Feature record: CXX_FEATURE:1cxx_user_literals
    Feature record: CXX_FEATURE:0cxx_variable_templates
    Feature record: CXX_FEATURE:1cxx_variadic_macros
    Feature record: CXX_FEATURE:1cxx_variadic_templates


Detecting CXX [-std=c++98] compiler features compiled with the following output:
Change Dir: /home/nathan/Projects/plasma5-genius-integration/build/CMakeFiles/CMakeTmp

Run Build Command(s):/usr/bin/gmake cmTC_c11f9/fast 
/usr/bin/gmake -f CMakeFiles/cmTC_c11f9.dir/build.make CMakeFiles/cmTC_c11f9.dir/build
gmake[1]: Entering directory '/home/nathan/Projects/plasma5-genius-integration/build/CMakeFiles/CMakeTmp'
Building CXX object CMakeFiles/cmTC_c11f9.dir/feature_tests.cxx.o
/usr/bin/g++-9    -std=c++98 -o CMakeFiles/cmTC_c11f9.dir/feature_tests.cxx.o -c /home/nathan/Projects/plasma5-genius-integration/build/CMakeFiles/feature_tests.cxx
Linking CXX executable cmTC_c11f9
/usr/bin/cmake -E cmake_link_script CMakeFiles/cmTC_c11f9.dir/link.txt --verbose=1
/usr/bin/g++-9       -rdynamic CMakeFiles/cmTC_c11f9.dir/feature_tests.cxx.o  -o cmTC_c11f9 
gmake[1]: Leaving directory '/home/nathan/Projects/plasma5-genius-integration/build/CMakeFiles/CMakeTmp'


    Feature record: CXX_FEATURE:0cxx_aggregate_default_initializers
    Feature record: CXX_FEATURE:0cxx_alias_templates
    Feature record: CXX_FEATURE:0cxx_alignas
    Feature record: CXX_FEATURE:0cxx_alignof
    Feature record: CXX_FEATURE:0cxx_attributes
    Feature record: CXX_FEATURE:0cxx_attribute_deprecated
    Feature record: CXX_FEATURE:0cxx_auto_type
    Feature record: CXX_FEATURE:0cxx_binary_literals
    Feature record: CXX_FEATURE:0cxx_constexpr
    Feature record: CXX_FEATURE:0cxx_contextual_conversions
    Feature record: CXX_FEATURE:0cxx_decltype
    Feature record: CXX_FEATURE:0cxx_decltype_auto
    Feature record: CXX_FEATURE:0cxx_decltype_incomplete_return_types
    Feature record: CXX_FEATURE:0cxx_default_function_template_args
    Feature record: CXX_FEATURE:0cxx_defaulted_functions
    Feature record: CXX_FEATURE:0cxx_defaulted_move_initializers
    Feature record: CXX_FEATURE:0cxx_delegating_constructors
    Feature record: CXX_FEATURE:0cxx_deleted_functions
    Feature record: CXX_FEATURE:0cxx_digit_separators
    Feature record: CXX_FEATURE:0cxx_enum_forward_declarations
    Feature record: CXX_FEATURE:0cxx_explicit_conversions
    Feature record: CXX_FEATURE:0cxx_extended_friend_declarations
    Feature record: CXX_FEATURE:0cxx_extern_templates
    Feature record: CXX_FEATURE:0cxx_final
    Feature record: CXX_FEATURE:0cxx_func_identifier
    Feature record: CXX_FEATURE:0cxx_generalized_initializers
    Feature record: CXX_FEATURE:0cxx_generic_lambdas
    Feature record: CXX_FEATURE:0cxx_inheriting_constructors
    Feature record: CXX_FEATURE:0cxx_inline_namespaces
    Feature record: CXX_FEATURE:0cxx_lambdas
    Feature record: CXX_FEATURE:0cxx_lambda_init_captures
    Feature record: CXX_FEATURE:0cxx_local_type_template_args
    Feature record: CXX_FEATURE:0cxx_long_long_type
    Feature record: CXX_FEATURE:0cxx_noexcept
    Feature record: CXX_FEATURE:0cxx_nonstatic_member_init
    Feature record: CXX_FEATURE:0cxx_nullptr
    Feature record: CXX_FEATURE:0cxx_override
    Feature record: CXX_FEATURE:0cxx_range_for
    Feature record: CXX_FEATURE:0cxx_raw_string_literals
    Feature record: CXX_FEATURE:0cxx_reference_qualified_functions
    Feature record: CXX_FEATURE:0cxx_relaxed_constexpr
    Feature record: CXX_FEATURE:0cxx_return_type_deduction
    Feature record: CXX_FEATURE:0cxx_right_angle_brackets
    Feature record: CXX_FEATURE:0cxx_rvalue_references
    Feature record: CXX_FEATURE:0cxx_sizeof_member
    Feature record: CXX_FEATURE:0cxx_static_assert
    Feature record: CXX_FEATURE:0cxx_strong_enums
    Feature record: CXX_FEATURE:1cxx_template_template_parameters
    Feature record: CXX_FEATURE:0cxx_thread_local
    Feature record: CXX_FEATURE:0cxx_trailing_return_types
    Feature record: CXX_FEATURE:0cxx_unicode_literals
    Feature record: CXX_FEATURE:0cxx_uniform_initialization
    Feature record: CXX_FEATURE:0cxx_unrestricted_unions
    Feature record: CXX_FEATURE:0cxx_user_literals
    Feature record: CXX_FEATURE:0cxx_variable_templates
    Feature record: CXX_FEATURE:0cxx_variadic_macros
    Feature record: CXX_FEATURE:0cxx_variadic_templates
